<?xml version="1.0" encoding="UTF-8"?>
<testsuite name="SearchTests" tests="8" skipped="0" failures="0" errors="0" timestamp="2024-09-24T10:33:26" hostname="IBRAEV-NB" time="34.185">
  <properties/>
  <testcase name="negativeNoLoginTest()" classname="SearchTests" time="6.041"/>
  <testcase name="successfulLoginTest()" classname="SearchTests" time="6.817"/>
  <testcase name="positivePurchase()" classname="SearchTests" time="7.792"/>
  <testcase name="negativeWrongLoginTest()" classname="SearchTests" time="1.448"/>
  <testcase name="negativeWrongLoginFormateTest()" classname="SearchTests" time="1.218"/>
  <testcase name="negativeNoPasswdTest()" classname="SearchTests" time="0.852"/>
  <testcase name="negativeWrongPasswdTest()" classname="SearchTests" time="1.704"/>
  <testcase name="positiveSupport()" classname="SearchTests" time="8.295"/>
  <system-out><![CDATA[]]></system-out>
  <system-err><![CDATA[сент. 24, 2024 1:33:28 PM org.openqa.selenium.devtools.CdpVersionFinder findNearestMatch
WARNING: Unable to find CDP implementation matching 128
сент. 24, 2024 1:33:28 PM org.openqa.selenium.chromium.ChromiumDriver lambda$new$5
WARNING: Unable to find version of CDP to use for 128.0.6613.138. You may need to include a dependency on a specific version of the CDP using something similar to `org.seleniumhq.selenium:selenium-devtools-v86:4.13.0` where the version ("v86") matches the version of the chromium-based browser you're using and the version number of the artifact is the same as Selenium's.
]]></system-err>
</testsuite>
